<?xml version="1.0" encoding="UTF-8" ?>
<testsuite failures="0" time="0.06" errors="0" skipped="0" tests="7" name="com.daisyworks.temp.HeatMapTest">
  <properties>
[...]
</properties>
  <testcase time="0.016" classname="com.daisyworks.temp.HeatMapTest" name="testRender0"/>
  <testcase time="0.005" classname="com.daisyworks.temp.HeatMapTest" name="testRender1"/>
  <testcase time="0.002" classname="com.daisyworks.temp.HeatMapTest" name="testRender2"/>
  <testcase time="0.002" classname="com.daisyworks.temp.HeatMapTest" name="testRender3"/>
  <testcase time="0.003" classname="com.daisyworks.temp.HeatMapTest" name="testRender11"/>
  <testcase time="0.002" classname="com.daisyworks.temp.HeatMapTest" name="testRender12"/>
  <testcase time="0.002" classname="com.daisyworks.temp.HeatMapTest" name="testRender13"/>
</testsuite>